

Started GET "/" for 172.73.155.102 at 2016-10-10 01:51:54 +0000
Processing by Rails::WelcomeController#index as HTML
  Rendered /usr/local/rvm/gems/ruby-2.3.0/gems/railties-4.2.2/lib/rails/templates/rails/welcome/index.html.erb (4.0ms)
Completed 200 OK in 50ms (Views: 24.2ms | ActiveRecord: 0.0ms)


Started GET "/" for 172.73.155.102 at 2016-10-10 01:56:40 +0000
Processing by Rails::WelcomeController#index as HTML
  Rendered /usr/local/rvm/gems/ruby-2.3.0/gems/railties-4.2.2/lib/rails/templates/rails/welcome/index.html.erb (4.2ms)
Completed 200 OK in 49ms (Views: 25.9ms | ActiveRecord: 0.0ms)


Started GET "/" for 172.73.155.102 at 2016-10-10 01:56:54 +0000
Processing by Rails::WelcomeController#index as HTML
  Rendered /usr/local/rvm/gems/ruby-2.3.0/gems/railties-4.2.2/lib/rails/templates/rails/welcome/index.html.erb (0.1ms)
Completed 200 OK in 3ms (Views: 2.8ms | ActiveRecord: 0.0ms)


Started GET "/rails/info/properties" for 172.73.155.102 at 2016-10-10 01:57:48 +0000
Processing by Rails::InfoController#properties as */*
  Rendered /usr/local/rvm/gems/ruby-2.3.0/gems/railties-4.2.2/lib/rails/templates/rails/info/properties.html.erb (5.0ms)
Completed 200 OK in 182ms (Views: 63.0ms | ActiveRecord: 5.4ms)


Started GET "/" for 172.73.155.102 at 2016-10-10 21:56:34 +0000
Processing by ApplicationController#hello as HTML
  Rendered text template (0.0ms)
Completed 200 OK in 38ms (Views: 23.9ms | ActiveRecord: 0.0ms)


Started GET "/" for 172.73.155.102 at 2016-10-10 21:56:41 +0000
Processing by ApplicationController#hello as HTML
  Rendered text template (0.0ms)
Completed 200 OK in 1ms (Views: 0.4ms | ActiveRecord: 0.0ms)


Started GET "/" for 152.15.113.8 at 2016-10-12 22:11:28 +0000
Processing by ApplicationController#hello as HTML
  Rendered text template (0.0ms)
Completed 200 OK in 33ms (Views: 19.0ms | ActiveRecord: 0.0ms)
